<?xml version="1.0" encoding="UTF-8"?>
<testng-results ignored="0" total="1" passed="1" failed="0" skipped="0">
  <reporter-output>
  </reporter-output>
  <suite started-at="2024-08-04T13:06:43 IST" name="Default suite" finished-at="2024-08-04T13:06:45 IST" duration-ms="2082">
    <groups>
    </groups>
    <test started-at="2024-08-04T13:06:43 IST" name="Default test" finished-at="2024-08-04T13:06:45 IST" duration-ms="2082">
      <class name="tests.LoginPage">
        <test-method signature="goTo()[pri:0, instance:tests.LoginPage@294bdeb4]" started-at="2024-08-04T13:06:43 IST" name="goTo" finished-at="2024-08-04T13:06:45 IST" duration-ms="1918" status="PASS">
          <reporter-output>
          </reporter-output>
        </test-method> <!-- goTo -->
        <test-method is-config="true" signature="tearDown()[pri:0, instance:tests.LoginPage@294bdeb4]" started-at="2024-08-04T13:06:45 IST" name="tearDown" finished-at="2024-08-04T13:06:45 IST" duration-ms="132" status="PASS">
          <reporter-output>
          </reporter-output>
        </test-method> <!-- tearDown -->
      </class> <!-- tests.LoginPage -->
    </test> <!-- Default test -->
  </suite> <!-- Default suite -->
</testng-results>
